#
# There is insufficient memory for the Java Runtime Environment to continue.
# Native memory allocation (mmap) failed to map 25763840 bytes for committing reserved memory.
# Possible reasons:
#   The system is out of physical RAM or swap space
#   The process is running with CompressedOops enabled, and the Java Heap may be blocking the growth of the native heap
# Possible solutions:
#   Reduce memory load on the system
#   Increase physical memory or swap space
#   Check if swap backing store is full
#   Decrease Java heap size (-Xmx/-Xms)
#   Decrease number of Java threads
#   Decrease Java thread stack sizes (-Xss)
#   Set larger code cache with -XX:ReservedCodeCacheSize=
#   JVM is running with Unscaled Compressed Oops mode in which the Java heap is
#     placed in the first 4GB address space. The Java Heap base address is the
#     maximum limit for the native heap growth. Please use -XX:HeapBaseMinAddress
#     to set the Java Heap base and to place the Java Heap above 4GB virtual address.
# This output file may be truncated or incomplete.
#
#  Out of Memory Error (os_linux.cpp:2737), pid=7086, tid=7109
#
# JRE version: Java(TM) SE Runtime Environment 18.9 (11.0.11+9) (build 11.0.11+9-LTS-194)
# Java VM: Java HotSpot(TM) 64-Bit Server VM 18.9 (11.0.11+9-LTS-194, mixed mode, tiered, compressed oops, serial gc, linux-amd64)
# Core dump will be written. Default location: Core dumps may be processed with "/usr/share/apport/apport %p %s %c %d %P %E" (or dumping to /home/thduc/eshop/core.7086)
#

---------------  S U M M A R Y ------------

Command Line: -Dclassworlds.conf=/usr/share/maven/bin/m2.conf -Dmaven.home=/usr/share/maven -Dmaven.multiModuleProjectDirectory=/home/thduc/eshop org.codehaus.plexus.classworlds.launcher.Launcher install -DskipTests

Host: Intel(R) Xeon(R) CPU E5-2673 v4 @ 2.30GHz, 1 cores, 921M, Ubuntu 16.04.7 LTS
Time: Sun May 23 13:00:38 2021 UTC elapsed time: 43.392715 seconds (0d 0h 0m 43s)

---------------  T H R E A D  ---------------

Current thread (0x00007f0f3c08e800):  VMThread "VM Thread" [stack: 0x00007f0f408a1000,0x00007f0f409a1000] [id=7109]

Stack: [0x00007f0f408a1000,0x00007f0f409a1000],  sp=0x00007f0f4099f010,  free space=1016k
Native frames: (J=compiled Java code, A=aot compiled Java code, j=interpreted, Vv=VM code, C=native code)
V  [libjvm.so+0xea13e4]  VMError::report_and_die(int, char const*, char const*, __va_list_tag*, Thread*, unsigned char*, void*, void*, char const*, int, unsigned long)+0x354
V  [libjvm.so+0xea203b]  VMError::report_and_die(Thread*, char const*, int, unsigned long, VMErrorType, char const*, __va_list_tag*)+0x2b
V  [libjvm.so+0x6a0fd5]  report_vm_out_of_memory(char const*, int, unsigned long, VMErrorType, char const*, ...)+0xd5
V  [libjvm.so+0xc76292]  os::pd_commit_memory(char*, unsigned long, unsigned long, bool)+0x102
V  [libjvm.so+0xc6d5cf]  os::commit_memory(char*, unsigned long, unsigned long, bool)+0x1f
V  [libjvm.so+0xe98a57]  VirtualSpace::expand_by(unsigned long, bool)+0x197
V  [libjvm.so+0x558f81]  CardGeneration::grow_by(unsigned long)+0x31
V  [libjvm.so+0x559e2d]  CardGeneration::expand(unsigned long, unsigned long)+0xed
V  [libjvm.so+0xe2e017]  TenuredGeneration::expand(unsigned long, unsigned long)+0x37
V  [libjvm.so+0x559859]  CardGeneration::compute_new_size()+0x619
V  [libjvm.so+0x7fc036]  GenCollectedHeap::do_collection(bool, bool, unsigned long, bool, GenCollectedHeap::GenerationType)+0x636
V  [libjvm.so+0x7fca58]  GenCollectedHeap::satisfy_failed_allocation(unsigned long, bool)+0x1e8
V  [libjvm.so+0xea3400]  VM_GenCollectForAllocation::doit()+0x90
V  [libjvm.so+0xeabed7]  VM_Operation::evaluate()+0xe7
V  [libjvm.so+0xea964f]  VMThread::evaluate_operation(VM_Operation*) [clone .constprop.54]+0xff
V  [libjvm.so+0xea9b86]  VMThread::loop()+0x3e6
V  [libjvm.so+0xea9fc3]  VMThread::run()+0x73
V  [libjvm.so+0xe366bf]  Thread::call_run()+0x14f
V  [libjvm.so+0xc7c2ee]  thread_native_entry(Thread*)+0xee

VM_Operation (0x00007f0f06dfe0d0): GenCollectForAllocation, mode: safepoint, requested by thread 0x00007f0f3e4e0000


---------------  P R O C E S S  ---------------

Threads class SMR info:
_java_thread_list=0x00007f0f3e4dfe70, length=10, elements={
0x00007f0f3c021000, 0x00007f0f3c096800, 0x00007f0f3c09b000, 0x00007f0f3c0b2800,
0x00007f0f3c0b5000, 0x00007f0f3c0bd000, 0x00007f0f3c0bf000, 0x00007f0f3c13b800,
0x00007f0f3c14d000, 0x00007f0f3e4e0000
}

Java Threads: ( => current thread )
  0x00007f0f3c021000 JavaThread "main" [_thread_blocked, id=7108, stack(0x00007f0f44461000,0x00007f0f44562000)]
  0x00007f0f3c096800 JavaThread "Reference Handler" daemon [_thread_blocked, id=7110, stack(0x00007f0f4079f000,0x00007f0f408a0000)]
  0x00007f0f3c09b000 JavaThread "Finalizer" daemon [_thread_blocked, id=7111, stack(0x00007f0f4069e000,0x00007f0f4079f000)]
  0x00007f0f3c0b2800 JavaThread "Signal Dispatcher" daemon [_thread_blocked, id=7112, stack(0x00007f0f40405000,0x00007f0f40506000)]
  0x00007f0f3c0b5000 JavaThread "C2 CompilerThread0" daemon [_thread_blocked, id=7113, stack(0x00007f0f40304000,0x00007f0f40405000)]
  0x00007f0f3c0bd000 JavaThread "C1 CompilerThread0" daemon [_thread_blocked, id=7114, stack(0x00007f0f40203000,0x00007f0f40304000)]
  0x00007f0f3c0bf000 JavaThread "Sweeper thread" daemon [_thread_blocked, id=7115, stack(0x00007f0f40102000,0x00007f0f40203000)]
  0x00007f0f3c13b800 JavaThread "Service Thread" daemon [_thread_blocked, id=7116, stack(0x00007f0f40001000,0x00007f0f40102000)]
  0x00007f0f3c14d000 JavaThread "Common-Cleaner" daemon [_thread_blocked, id=7118, stack(0x00007f0f248dc000,0x00007f0f249dd000)]
  0x00007f0f3e4e0000 JavaThread "pool-1-thread-1" [_thread_blocked, id=7131, stack(0x00007f0f06cff000,0x00007f0f06e00000)]

Other Threads:
=>0x00007f0f3c08e800 VMThread "VM Thread" [stack: 0x00007f0f408a1000,0x00007f0f409a1000] [id=7109]
  0x00007f0f3c144800 WatcherThread [stack: 0x00007f0f249de000,0x00007f0f24ade000] [id=7117]

Threads with active compile tasks:
C2 CompilerThread0  44113 17977   !   4       java.lang.reflect.Field::declaredAnnotations (82 bytes)

VM state:at safepoint (normal execution)

VM Mutex/Monitor currently owned by a thread:  ([mutex/lock_event])
[0x00007f0f3c01f150] Threads_lock - owner thread: 0x00007f0f3c08e800
[0x00007f0f3c01f930] Heap_lock - owner thread: 0x00007f0f3e4e0000

Heap address: 0x00000000f1800000, size: 232 MB, Compressed Oops mode: 32-bit
Narrow klass base: 0x0000000000000000, Narrow klass shift: 3
Compressed class space size: 1073741824 Address: 0x0000000100000000

Heap:
 def new generation   total 55616K, used 0K [0x00000000f1800000, 0x00000000f5450000, 0x00000000f6550000)
  eden space 49472K,   0% used [0x00000000f1800000, 0x00000000f1800000, 0x00000000f4850000)
  from space 6144K,   0% used [0x00000000f4850000, 0x00000000f4850000, 0x00000000f4e50000)
  to   space 6144K,   0% used [0x00000000f4e50000, 0x00000000f4e50000, 0x00000000f5450000)
 tenured generation   total 133240K, used 118007K [0x00000000f6550000, 0x00000000fe76e000, 0x0000000100000000)
   the space 133240K,  88% used [0x00000000f6550000, 0x00000000fd88dda0, 0x00000000fd88de00, 0x00000000fe76e000)
 Metaspace       used 94939K, capacity 96583K, committed 97328K, reserved 1136640K
  class space    used 10030K, capacity 10602K, committed 10624K, reserved 1048576K

Card table byte_map: [0x00007f0f443d8000,0x00007f0f4444d000] _byte_map_base: 0x00007f0f43c4c000

Polling page: 0x00007f0f4456d000

Metaspace:

Usage:
  Non-class:     83.97 MB capacity,    82.92 MB ( 99%) used,   916.69 KB (  1%) free+waste,   154.75 KB ( <1%) overhead. 
      Class:     10.35 MB capacity,     9.80 MB ( 95%) used,   508.62 KB (  5%) free+waste,    63.19 KB ( <1%) overhead. 
       Both:     94.32 MB capacity,    92.71 MB ( 98%) used,     1.39 MB (  1%) free+waste,   217.94 KB ( <1%) overhead. 

Virtual space:
  Non-class space:       86.00 MB reserved,      84.67 MB ( 98%) committed 
      Class space:        1.00 GB reserved,      10.38 MB (  1%) committed 
             Both:        1.08 GB reserved,      95.05 MB (  9%) committed 

Chunk freelists:
   Non-Class:  89.38 KB
       Class:  2.75 KB
        Both:  92.12 KB

CodeHeap 'non-profiled nmethods': size=120036Kb used=6744Kb max_used=6744Kb free=113291Kb
 bounds [0x00007f0f2c5a5000, 0x00007f0f2cc45000, 0x00007f0f33ade000]
CodeHeap 'profiled nmethods': size=120032Kb used=40221Kb max_used=40221Kb free=79810Kb
 bounds [0x00007f0f2506d000, 0x00007f0f277bd000, 0x00007f0f2c5a5000]
CodeHeap 'non-nmethods': size=5692Kb used=1234Kb max_used=1256Kb free=4457Kb
 bounds [0x00007f0f24ade000, 0x00007f0f24d4e000, 0x00007f0f2506d000]
 total_blobs=17651 nmethods=17014 adapters=549
 compilation: enabled
              stopped_count=0, restarted_count=0
 full_count=0

Compilation events (10 events):
Event: 42.399 Thread 0x00007f0f3c0bd000 18081       1       java.util.concurrent.atomic.AtomicInteger::get (5 bytes)
Event: 42.399 Thread 0x00007f0f3c0bd000 nmethod 18081 0x00007f0f2cc3a810 code [0x00007f0f2cc3a9a0, 0x00007f0f2cc3aa50]
Event: 42.399 Thread 0x00007f0f3c0bd000 18082       1       org.codehaus.plexus.archiver.ArchiveEntry::getName (5 bytes)
Event: 42.399 Thread 0x00007f0f3c0bd000 nmethod 18082 0x00007f0f2cc3aa90 code [0x00007f0f2cc3ac20, 0x00007f0f2cc3acd0]
Event: 42.399 Thread 0x00007f0f3c0bd000 18083       1       org.codehaus.plexus.archiver.ArchiveEntry::getResource (5 bytes)
Event: 42.399 Thread 0x00007f0f3c0bd000 nmethod 18083 0x00007f0f2cc3ad90 code [0x00007f0f2cc3af20, 0x00007f0f2cc3afd0]
Event: 42.399 Thread 0x00007f0f3c0bd000 18084       1       org.codehaus.plexus.components.io.resources.PlexusIoFileResource::getAttributes (5 bytes)
Event: 42.400 Thread 0x00007f0f3c0bd000 nmethod 18084 0x00007f0f2cc3b090 code [0x00007f0f2cc3b220, 0x00007f0f2cc3b2d0]
Event: 42.401 Thread 0x00007f0f3c0bd000 18085       2       java.time.temporal.ValueRange::isValidValue (24 bytes)
Event: 42.401 Thread 0x00007f0f3c0bd000 nmethod 18085 0x00007f0f277bc790 code [0x00007f0f277bc920, 0x00007f0f277bca30]

GC Heap History (10 events):
Event: 40.431 GC heap after
{Heap after GC invocations=84 (full 7):
 def new generation   total 55616K, used 6143K [0x00000000f1800000, 0x00000000f5450000, 0x00000000f6550000)
  eden space 49472K,   0% used [0x00000000f1800000, 0x00000000f1800000, 0x00000000f4850000)
  from space 6144K,  99% used [0x00000000f4e50000, 0x00000000f544fff8, 0x00000000f5450000)
  to   space 6144K,   0% used [0x00000000f4850000, 0x00000000f4850000, 0x00000000f4e50000)
 tenured generation   total 123472K, used 82913K [0x00000000f6550000, 0x00000000fdde4000, 0x0000000100000000)
   the space 123472K,  67% used [0x00000000f6550000, 0x00000000fb648728, 0x00000000fb648800, 0x00000000fdde4000)
 Metaspace       used 92189K, capacity 93705K, committed 94768K, reserved 1134592K
  class space    used 9715K, capacity 10249K, committed 10368K, reserved 1048576K
}
Event: 40.721 GC heap before
{Heap before GC invocations=84 (full 7):
 def new generation   total 55616K, used 55615K [0x00000000f1800000, 0x00000000f5450000, 0x00000000f6550000)
  eden space 49472K, 100% used [0x00000000f1800000, 0x00000000f4850000, 0x00000000f4850000)
  from space 6144K,  99% used [0x00000000f4e50000, 0x00000000f544fff8, 0x00000000f5450000)
  to   space 6144K,   0% used [0x00000000f4850000, 0x00000000f4850000, 0x00000000f4e50000)
 tenured generation   total 123472K, used 82913K [0x00000000f6550000, 0x00000000fdde4000, 0x0000000100000000)
   the space 123472K,  67% used [0x00000000f6550000, 0x00000000fb648728, 0x00000000fb648800, 0x00000000fdde4000)
 Metaspace       used 92264K, capacity 93775K, committed 94768K, reserved 1134592K
  class space    used 9720K, capacity 10250K, committed 10368K, reserved 1048576K
}
Event: 40.731 GC heap after
{Heap after GC invocations=85 (full 7):
 def new generation   total 55616K, used 2907K [0x00000000f1800000, 0x00000000f5450000, 0x00000000f6550000)
  eden space 49472K,   0% used [0x00000000f1800000, 0x00000000f1800000, 0x00000000f4850000)
  from space 6144K,  47% used [0x00000000f4850000, 0x00000000f4b26d90, 0x00000000f4e50000)
  to   space 6144K,   0% used [0x00000000f4e50000, 0x00000000f4e50000, 0x00000000f5450000)
 tenured generation   total 123472K, used 88392K [0x00000000f6550000, 0x00000000fdde4000, 0x0000000100000000)
   the space 123472K,  71% used [0x00000000f6550000, 0x00000000fbba2040, 0x00000000fbba2200, 0x00000000fdde4000)
 Metaspace       used 92264K, capacity 93775K, committed 94768K, reserved 1134592K
  class space    used 9720K, capacity 10250K, committed 10368K, reserved 1048576K
}
Event: 40.939 GC heap before
{Heap before GC invocations=85 (full 7):
 def new generation   total 55616K, used 52318K [0x00000000f1800000, 0x00000000f5450000, 0x00000000f6550000)
  eden space 49472K,  99% used [0x00000000f1800000, 0x00000000f4840c90, 0x00000000f4850000)
  from space 6144K,  47% used [0x00000000f4850000, 0x00000000f4b26d90, 0x00000000f4e50000)
  to   space 6144K,   0% used [0x00000000f4e50000, 0x00000000f4e50000, 0x00000000f5450000)
 tenured generation   total 123472K, used 88392K [0x00000000f6550000, 0x00000000fdde4000, 0x0000000100000000)
   the space 123472K,  71% used [0x00000000f6550000, 0x00000000fbba2040, 0x00000000fbba2200, 0x00000000fdde4000)
 Metaspace       used 92264K, capacity 93775K, committed 94768K, reserved 1134592K
  class space    used 9720K, capacity 10250K, committed 10368K, reserved 1048576K
}
Event: 40.942 GC heap after
{Heap after GC invocations=86 (full 7):
 def new generation   total 55616K, used 2902K [0x00000000f1800000, 0x00000000f5450000, 0x00000000f6550000)
  eden space 49472K,   0% used [0x00000000f1800000, 0x00000000f1800000, 0x00000000f4850000)
  from space 6144K,  47% used [0x00000000f4e50000, 0x00000000f5125a08, 0x00000000f5450000)
  to   space 6144K,   0% used [0x00000000f4850000, 0x00000000f4850000, 0x00000000f4e50000)
 tenured generation   total 123472K, used 88392K [0x00000000f6550000, 0x00000000fdde4000, 0x0000000100000000)
   the space 123472K,  71% used [0x00000000f6550000, 0x00000000fbba2040, 0x00000000fbba2200, 0x00000000fdde4000)
 Metaspace       used 92264K, capacity 93775K, committed 94768K, reserved 1134592K
  class space    used 9720K, capacity 10250K, committed 10368K, reserved 1048576K
}
Event: 41.244 GC heap before
{Heap before GC invocations=86 (full 7):
 def new generation   total 55616K, used 52374K [0x00000000f1800000, 0x00000000f5450000, 0x00000000f6550000)
  eden space 49472K, 100% used [0x00000000f1800000, 0x00000000f4850000, 0x00000000f4850000)
  from space 6144K,  47% used [0x00000000f4e50000, 0x00000000f5125a08, 0x00000000f5450000)
  to   space 6144K,   0% used [0x00000000f4850000, 0x00000000f4850000, 0x00000000f4e50000)
 tenured generation   total 123472K, used 88392K [0x00000000f6550000, 0x00000000fdde4000, 0x0000000100000000)
   the space 123472K,  71% used [0x00000000f6550000, 0x00000000fbba2040, 0x00000000fbba2200, 0x00000000fdde4000)
 Metaspace       used 92362K, capacity 93905K, committed 94768K, reserved 1134592K
  class space    used 9722K, capacity 10250K, committed 10368K, reserved 1048576K
}
Event: 41.252 GC heap after
{Heap after GC invocations=87 (full 7):
 def new generation   total 55616K, used 5477K [0x00000000f1800000, 0x00000000f5450000, 0x00000000f6550000)
  eden space 49472K,   0% used [0x00000000f1800000, 0x00000000f1800000, 0x00000000f4850000)
  from space 6144K,  89% used [0x00000000f4850000, 0x00000000f4da9428, 0x00000000f4e50000)
  to   space 6144K,   0% used [0x00000000f4e50000, 0x00000000f4e50000, 0x00000000f5450000)
 tenured generation   total 123472K, used 88392K [0x00000000f6550000, 0x00000000fdde4000, 0x0000000100000000)
   the space 123472K,  71% used [0x00000000f6550000, 0x00000000fbba2040, 0x00000000fbba2200, 0x00000000fdde4000)
 Metaspace       used 92362K, capacity 93905K, committed 94768K, reserved 1134592K
  class space    used 9722K, capacity 10250K, committed 10368K, reserved 1048576K
}
Event: 42.328 GC heap before
{Heap before GC invocations=87 (full 7):
 def new generation   total 55616K, used 54269K [0x00000000f1800000, 0x00000000f5450000, 0x00000000f6550000)
  eden space 49472K,  98% used [0x00000000f1800000, 0x00000000f47a62e0, 0x00000000f4850000)
  from space 6144K,  89% used [0x00000000f4850000, 0x00000000f4da9428, 0x00000000f4e50000)
  to   space 6144K,   0% used [0x00000000f4e50000, 0x00000000f4e50000, 0x00000000f5450000)
 tenured generation   total 123472K, used 88392K [0x00000000f6550000, 0x00000000fdde4000, 0x0000000100000000)
   the space 123472K,  71% used [0x00000000f6550000, 0x00000000fbba2040, 0x00000000fbba2200, 0x00000000fdde4000)
 Metaspace       used 94817K, capacity 96455K, committed 97328K, reserved 1136640K
  class space    used 10013K, capacity 10602K, committed 10624K, reserved 1048576K
}
Event: 42.345 GC heap after
{Heap after GC invocations=88 (full 7):
 def new generation   total 55616K, used 2808K [0x00000000f1800000, 0x00000000f5450000, 0x00000000f6550000)
  eden space 49472K,   0% used [0x00000000f1800000, 0x00000000f1800000, 0x00000000f4850000)
  from space 6144K,  45% used [0x00000000f4e50000, 0x00000000f510e0f8, 0x00000000f5450000)
  to   space 6144K,   0% used [0x00000000f4850000, 0x00000000f4850000, 0x00000000f4e50000)
 tenured generation   total 123472K, used 93322K [0x00000000f6550000, 0x00000000fdde4000, 0x0000000100000000)
   the space 123472K,  75% used [0x00000000f6550000, 0x00000000fc072a00, 0x00000000fc072a00, 0x00000000fdde4000)
 Metaspace       used 94817K, capacity 96455K, committed 97328K, reserved 1136640K
  class space    used 10013K, capacity 10602K, committed 10624K, reserved 1048576K
}
Event: 42.401 GC heap before
{Heap before GC invocations=88 (full 7):
 def new generation   total 55616K, used 43339K [0x00000000f1800000, 0x00000000f5450000, 0x00000000f6550000)
  eden space 49472K,  81% used [0x00000000f1800000, 0x00000000f3f94ed0, 0x00000000f4850000)
  from space 6144K,  45% used [0x00000000f4e50000, 0x00000000f510e0f8, 0x00000000f5450000)
  to   space 6144K,   0% used [0x00000000f4850000, 0x00000000f4850000, 0x00000000f4e50000)
 tenured generation   total 123472K, used 93322K [0x00000000f6550000, 0x00000000fdde4000, 0x0000000100000000)
   the space 123472K,  75% used [0x00000000f6550000, 0x00000000fc072a00, 0x00000000fc072a00, 0x00000000fdde4000)
 Metaspace       used 94939K, capacity 96583K, committed 97328K, reserved 1136640K
  class space    used 10030K, capacity 10602K, committed 10624K, reserved 1048576K
}

Deoptimization events (10 events):
Event: 41.458 Thread 0x00007f0f3c021000 Uncommon trap: reason=class_check action=maybe_recompile pc=0x00007f0f2c966d64 method=java.util.Collections.unmodifiableList(Ljava/util/List;)Ljava/util/List; @ 1 c2
Event: 41.569 Thread 0x00007f0f3c021000 Uncommon trap: reason=class_check action=maybe_recompile pc=0x00007f0f2c7b0098 method=java.lang.Throwable.<init>(Ljava/lang/String;Ljava/lang/Throwable;)V @ 24 c2
Event: 41.569 Thread 0x00007f0f3c021000 Uncommon trap: reason=class_check action=maybe_recompile pc=0x00007f0f2c7b0098 method=java.lang.Throwable.<init>(Ljava/lang/String;Ljava/lang/Throwable;)V @ 24 c2
Event: 41.569 Thread 0x00007f0f3c021000 Uncommon trap: reason=class_check action=maybe_recompile pc=0x00007f0f2c7b0098 method=java.lang.Throwable.<init>(Ljava/lang/String;Ljava/lang/Throwable;)V @ 24 c2
Event: 41.599 Thread 0x00007f0f3c021000 Uncommon trap: reason=unstable_if action=reinterpret pc=0x00007f0f2c752f38 method=java.util.IdentityHashMap.closeDeletion(I)V @ 37 c2
Event: 41.601 Thread 0x00007f0f3c021000 Uncommon trap: reason=unstable_if action=reinterpret pc=0x00007f0f2c62ad98 method=com.google.inject.internal.asm.$Type.a(Ljava/lang/StringBuffer;Ljava/lang/Class;)V @ 91 c2
Event: 41.613 Thread 0x00007f0f3c021000 Uncommon trap: reason=unstable_if action=reinterpret pc=0x00007f0f2c63390c method=com.google.inject.internal.asm.$Type.getArgumentsAndReturnSizes(Ljava/lang/String;)I @ 41 c2
Event: 41.613 Thread 0x00007f0f3c021000 Uncommon trap: reason=unstable_if action=reinterpret pc=0x00007f0f2c7251cc method=com.google.inject.internal.asm.$Frame.b(Lcom/google/inject/internal/asm/$ClassWriter;Ljava/lang/String;)I @ 28 c2
Event: 41.613 Thread 0x00007f0f3c021000 Uncommon trap: reason=unstable_if action=reinterpret pc=0x00007f0f2c62c9c8 method=com.google.inject.internal.asm.$Type.getArgumentsAndReturnSizes(Ljava/lang/String;)I @ 130 c2
Event: 41.797 Thread 0x00007f0f3c021000 Uncommon trap: reason=class_check action=maybe_recompile pc=0x00007f0f2c966d64 method=java.util.Collections.unmodifiableList(Ljava/util/List;)Ljava/util/List; @ 1 c2

Classes redefined (0 events):
No events

Internal exceptions (10 events):
Event: 37.843 Thread 0x00007f0f3c021000 Exception <a 'java/lang/NoSuchMethodError'{0x00000000f3b31248}: java.lang.invoke.DirectMethodHandle$Holder.invokeStatic(Ljava/lang/Object;Ljava/lang/Object;Ljava/lang/Object;Ljava/lang/Object;Ljava/lang/Object;Ljava/lang/Object;I)Ljava/lang/Object;> (0x00
Event: 37.843 Thread 0x00007f0f3c021000 Exception <a 'java/lang/NoSuchMethodError'{0x00000000f3b35060}: java.lang.invoke.DirectMethodHandle$Holder.invokeSpecial(Ljava/lang/Object;Ljava/lang/Object;Ljava/lang/Object;Ljava/lang/Object;Ljava/lang/Object;Ljava/lang/Object;Ljava/lang/Object;I)Ljava/
Event: 37.843 Thread 0x00007f0f3c021000 Exception <a 'java/lang/NoSuchMethodError'{0x00000000f3b38bb0}: java.lang.invoke.Invokers$Holder.linkToTargetMethod(Ljava/lang/Object;Ljava/lang/Object;Ljava/lang/Object;Ljava/lang/Object;Ljava/lang/Object;ILjava/lang/Object;)Ljava/lang/Object;> (0x000000
Event: 38.805 Thread 0x00007f0f3c021000 Exception <a 'java/lang/NoSuchMethodError'{0x00000000f37b1750}: java.lang.invoke.DirectMethodHandle$Holder.invokeStatic(Ljava/lang/Object;Ljava/lang/Object;ILjava/lang/Object;)Ljava/lang/Object;> (0x00000000f37b1750) thrown at [./open/src/hotspot/share/in
Event: 38.805 Thread 0x00007f0f3c021000 Exception <a 'java/lang/NoSuchMethodError'{0x00000000f37b4fe8}: java.lang.invoke.DirectMethodHandle$Holder.invokeSpecial(Ljava/lang/Object;Ljava/lang/Object;Ljava/lang/Object;ILjava/lang/Object;)Ljava/lang/Object;> (0x00000000f37b4fe8) thrown at [./open/s
Event: 38.805 Thread 0x00007f0f3c021000 Exception <a 'java/lang/NoSuchMethodError'{0x00000000f37b8288}: java.lang.invoke.Invokers$Holder.linkToTargetMethod(Ljava/lang/Object;ILjava/lang/Object;Ljava/lang/Object;)Ljava/lang/Object;> (0x00000000f37b8288) thrown at [./open/src/hotspot/share/interp
Event: 41.002 Thread 0x00007f0f3c021000 Implicit null exception at 0x00007f0f2c8625d5 to 0x00007f0f2c8626ac
Event: 41.664 Thread 0x00007f0f3c021000 Exception <a 'java/lang/NoSuchMethodError'{0x00000000f2d7ce78}: org.apache.maven.execution.MavenExecutionRequest.getFailureBehavior()Ljava/lang/String;> (0x00000000f2d7ce78) thrown at [./open/src/hotspot/share/interpreter/linkResolver.cpp, line 864]
Event: 41.689 Thread 0x00007f0f3d91e800 Exception <a 'java/lang/NoSuchMethodError'{0x00000000f2c82958}: java.lang.invoke.DirectMethodHandle$Holder.invokeStaticInit(Ljava/lang/Object;Ljava/lang/Object;JLjava/lang/Object;)Ljava/lang/Object;> (0x00000000f2c82958) thrown at [./open/src/hotspot/shar
Event: 41.690 Thread 0x00007f0f3d91e800 Exception <a 'java/lang/NoSuchMethodError'{0x00000000f2c8ea78}: java.lang.invoke.Invokers$Holder.linkToTargetMethod(Ljava/lang/Object;JLjava/lang/Object;)Ljava/lang/Object;> (0x00000000f2c8ea78) thrown at [./open/src/hotspot/share/interpreter/linkResolver

Events (10 events):
Event: 42.391 loading class java/lang/Thread$State
Event: 42.391 loading class java/lang/Thread$State done
Event: 42.395 Thread 0x00007f0f3e4e0000 Thread added: 0x00007f0f3e4e0000
Event: 42.395 Executing VM operation: RevokeBias
Event: 42.397 Executing VM operation: RevokeBias done
Event: 42.397 Executing VM operation: RevokeBias
Event: 42.397 Executing VM operation: RevokeBias done
Event: 42.397 Executing VM operation: RevokeBias
Event: 42.397 Executing VM operation: RevokeBias done
Event: 42.401 Executing VM operation: GenCollectForAllocation


Dynamic libraries:
f1800000-f5450000 rw-p 00000000 00:00 0 
f5450000-f6550000 ---p 00000000 00:00 0 
f6550000-fe76e000 rw-p 00000000 00:00 0 
100000000-100a60000 rw-p 00000000 00:00 0 
100a60000-140000000 ---p 00000000 00:00 0 
5625faed5000-5625faed6000 r-xp 00000000 08:01 258288                     /usr/lib/jvm/jdk-11.0.11/bin/java
5625fb0d6000-5625fb0d7000 r--p 00001000 08:01 258288                     /usr/lib/jvm/jdk-11.0.11/bin/java
5625fb0d7000-5625fb0d8000 rw-p 00002000 08:01 258288                     /usr/lib/jvm/jdk-11.0.11/bin/java
5625fb280000-5625fb2a1000 rw-p 00000000 00:00 0                          [heap]
7f0ef2712000-7f0ef27d2000 rw-p 00000000 00:00 0 
7f0ef27d2000-7f0ef2912000 ---p 00000000 00:00 0 
7f0ef2912000-7f0efae34000 r--s 00000000 08:01 258956                     /usr/lib/jvm/jdk-11.0.11/lib/modules
7f0efae34000-7f0efb034000 rw-p 00000000 00:00 0 
7f0efb034000-7f0efb234000 rw-p 00000000 00:00 0 
7f0efb234000-7f0efb434000 rw-p 00000000 00:00 0 
7f0efb434000-7f0efb634000 rw-p 00000000 00:00 0 
7f0efb634000-7f0efb834000 rw-p 00000000 00:00 0 
7f0efb834000-7f0efba34000 rw-p 00000000 00:00 0 
7f0efba34000-7f0efbc34000 rw-p 00000000 00:00 0 
7f0efbc34000-7f0efbe34000 rw-p 00000000 00:00 0 
7f0efbe34000-7f0efc034000 rw-p 00000000 00:00 0 
7f0efc034000-7f0efc234000 rw-p 00000000 00:00 0 
7f0efc234000-7f0efc434000 rw-p 00000000 00:00 0 
7f0efc434000-7f0efc634000 rw-p 00000000 00:00 0 
7f0efc634000-7f0efc834000 rw-p 00000000 00:00 0 
7f0efc834000-7f0efca34000 rw-p 00000000 00:00 0 
7f0efca34000-7f0efcc34000 rw-p 00000000 00:00 0 
7f0efcc34000-7f0efce34000 rw-p 00000000 00:00 0 
7f0efce34000-7f0efd034000 rw-p 00000000 00:00 0 
7f0efd034000-7f0efd234000 rw-p 00000000 00:00 0 
7f0efd234000-7f0efd434000 rw-p 00000000 00:00 0 
7f0efd434000-7f0efd634000 rw-p 00000000 00:00 0 
7f0efd634000-7f0efd834000 rw-p 00000000 00:00 0 
7f0efd834000-7f0f05d56000 r--s 00000000 08:01 258956                     /usr/lib/jvm/jdk-11.0.11/lib/modules
7f0f05d56000-7f0f05f56000 rw-p 00000000 00:00 0 
7f0f05f56000-7f0f06156000 rw-p 00000000 00:00 0 
7f0f06156000-7f0f06356000 rw-p 00000000 00:00 0 
7f0f06356000-7f0f06817000 rw-p 00000000 00:00 0 
7f0f06817000-7f0f06a17000 rw-p 00000000 00:00 0 
7f0f06a17000-7f0f06c17000 rw-p 00000000 00:00 0 
7f0f06cff000-7f0f06d03000 ---p 00000000 00:00 0 
7f0f06d03000-7f0f07000000 rw-p 00000000 00:00 0 
7f0f07000000-7f0f07200000 rw-p 00000000 00:00 0 
7f0f07200000-7f0f07400000 rw-p 00000000 00:00 0 
7f0f07400000-7f0f07600000 rw-p 00000000 00:00 0 
7f0f07600000-7f0f07800000 rw-p 00000000 00:00 0 
7f0f07800000-7f0f079ec000 rw-p 00000000 00:00 0 
7f0f079ec000-7f0f07a00000 ---p 00000000 00:00 0 
7f0f07a00000-7f0f07c00000 rw-p 00000000 00:00 0 
7f0f07c00000-7f0f07e00000 rw-p 00000000 00:00 0 
7f0f07e00000-7f0f08000000 rw-p 00000000 00:00 0 
7f0f08000000-7f0f08dcc000 rw-p 00000000 00:00 0 
7f0f08dcc000-7f0f0c000000 ---p 00000000 00:00 0 
7f0f0c000000-7f0f0c021000 rw-p 00000000 00:00 0 
7f0f0c021000-7f0f10000000 ---p 00000000 00:00 0 
7f0f10000000-7f0f10021000 rw-p 00000000 00:00 0 
7f0f10021000-7f0f14000000 ---p 00000000 00:00 0 
7f0f14000000-7f0f15dac000 rw-p 00000000 00:00 0 
7f0f15dac000-7f0f18000000 ---p 00000000 00:00 0 
7f0f18000000-7f0f18021000 rw-p 00000000 00:00 0 
7f0f18021000-7f0f1c000000 ---p 00000000 00:00 0 
7f0f1c000000-7f0f1c021000 rw-p 00000000 00:00 0 
7f0f1c021000-7f0f20000000 ---p 00000000 00:00 0 
7f0f20000000-7f0f2048b000 rw-p 00000000 00:00 0 
7f0f2048b000-7f0f24000000 ---p 00000000 00:00 0 
7f0f24081000-7f0f24281000 rw-p 00000000 00:00 0 
7f0f24281000-7f0f24481000 rw-p 00000000 00:00 0 
7f0f24481000-7f0f244b2000 rw-p 00000000 00:00 0 
7f0f244b2000-7f0f244c9000 r-xp 00000000 08:01 258945                     /usr/lib/jvm/jdk-11.0.11/lib/libnet.so
7f0f244c9000-7f0f246c8000 ---p 00017000 08:01 258945                     /usr/lib/jvm/jdk-11.0.11/lib/libnet.so
7f0f246c8000-7f0f246c9000 r--p 00016000 08:01 258945                     /usr/lib/jvm/jdk-11.0.11/lib/libnet.so
7f0f246c9000-7f0f246ca000 rw-p 00017000 08:01 258945                     /usr/lib/jvm/jdk-11.0.11/lib/libnet.so
7f0f246ca000-7f0f246da000 r-xp 00000000 08:01 258946                     /usr/lib/jvm/jdk-11.0.11/lib/libnio.so
7f0f246da000-7f0f248da000 ---p 00010000 08:01 258946                     /usr/lib/jvm/jdk-11.0.11/lib/libnio.so
7f0f248da000-7f0f248db000 r--p 00010000 08:01 258946                     /usr/lib/jvm/jdk-11.0.11/lib/libnio.so
7f0f248db000-7f0f248dc000 rw-p 00011000 08:01 258946                     /usr/lib/jvm/jdk-11.0.11/lib/libnio.so
7f0f248dc000-7f0f248e0000 ---p 00000000 00:00 0 
7f0f248e0000-7f0f249dd000 rw-p 00000000 00:00 0 
7f0f249dd000-7f0f249de000 ---p 00000000 00:00 0 
7f0f249de000-7f0f24ade000 rw-p 00000000 00:00 0 
7f0f24ade000-7f0f24d4e000 rwxp 00000000 00:00 0 
7f0f24d4e000-7f0f2506d000 ---p 00000000 00:00 0 
7f0f2506d000-7f0f277bd000 rwxp 00000000 00:00 0 
7f0f277bd000-7f0f2c5a5000 ---p 00000000 00:00 0 
7f0f2c5a5000-7f0f2cc45000 rwxp 00000000 00:00 0 
7f0f2cc45000-7f0f33ade000 ---p 00000000 00:00 0 
7f0f33ade000-7f0f3c000000 r--s 00000000 08:01 258956                     /usr/lib/jvm/jdk-11.0.11/lib/modules
7f0f3c000000-7f0f3e4e3000 rw-p 00000000 00:00 0 
7f0f3e4e3000-7f0f40000000 ---p 00000000 00:00 0 
7f0f40001000-7f0f40005000 ---p 00000000 00:00 0 
7f0f40005000-7f0f40102000 rw-p 00000000 00:00 0 
7f0f40102000-7f0f40106000 ---p 00000000 00:00 0 
7f0f40106000-7f0f40203000 rw-p 00000000 00:00 0 
7f0f40203000-7f0f40207000 ---p 00000000 00:00 0 
7f0f40207000-7f0f40304000 rw-p 00000000 00:00 0 
7f0f40304000-7f0f40308000 ---p 00000000 00:00 0 
7f0f40308000-7f0f40405000 rw-p 00000000 00:00 0 
7f0f40405000-7f0f40409000 ---p 00000000 00:00 0 
7f0f40409000-7f0f40506000 rw-p 00000000 00:00 0 
7f0f40506000-7f0f4069e000 r--p 00000000 08:01 2124                       /usr/lib/locale/locale-archive
7f0f4069e000-7f0f406a2000 ---p 00000000 00:00 0 
7f0f406a2000-7f0f4079f000 rw-p 00000000 00:00 0 
7f0f4079f000-7f0f407a3000 ---p 00000000 00:00 0 
7f0f407a3000-7f0f408a0000 rw-p 00000000 00:00 0 
7f0f408a0000-7f0f408a1000 ---p 00000000 00:00 0 
7f0f408a1000-7f0f412a5000 rw-p 00000000 00:00 0 
7f0f412a5000-7f0f412f5000 rw-p 00000000 00:00 0 
7f0f412f5000-7f0f413d2000 ---p 00000000 00:00 0 
7f0f413d2000-7f0f41421000 rw-p 00000000 00:00 0 
7f0f41421000-7f0f414bd000 ---p 00000000 00:00 0 
7f0f414bd000-7f0f414c4000 r-xp 00000000 08:01 258955                     /usr/lib/jvm/jdk-11.0.11/lib/libzip.so
7f0f414c4000-7f0f416c3000 ---p 00007000 08:01 258955                     /usr/lib/jvm/jdk-11.0.11/lib/libzip.so
7f0f416c3000-7f0f416c4000 r--p 00006000 08:01 258955                     /usr/lib/jvm/jdk-11.0.11/lib/libzip.so
7f0f416c4000-7f0f416c5000 rw-p 00007000 08:01 258955                     /usr/lib/jvm/jdk-11.0.11/lib/libzip.so
7f0f416c5000-7f0f416e0000 r-xp 00000000 08:01 258937                     /usr/lib/jvm/jdk-11.0.11/lib/libjimage.so
7f0f416e0000-7f0f418df000 ---p 0001b000 08:01 258937                     /usr/lib/jvm/jdk-11.0.11/lib/libjimage.so
7f0f418df000-7f0f418e1000 r--p 0001a000 08:01 258937                     /usr/lib/jvm/jdk-11.0.11/lib/libjimage.so
7f0f418e1000-7f0f418e2000 rw-p 0001c000 08:01 258937                     /usr/lib/jvm/jdk-11.0.11/lib/libjimage.so
7f0f418e2000-7f0f4190c000 r-xp 00000000 08:01 258933                     /usr/lib/jvm/jdk-11.0.11/lib/libjava.so
7f0f4190c000-7f0f41b0b000 ---p 0002a000 08:01 258933                     /usr/lib/jvm/jdk-11.0.11/lib/libjava.so
7f0f41b0b000-7f0f41b0c000 r--p 00029000 08:01 258933                     /usr/lib/jvm/jdk-11.0.11/lib/libjava.so
7f0f41b0c000-7f0f41b0d000 rw-p 0002a000 08:01 258933                     /usr/lib/jvm/jdk-11.0.11/lib/libjava.so
7f0f41b0d000-7f0f41b0e000 rw-p 00000000 00:00 0 
7f0f41b0e000-7f0f41b1b000 r-xp 00000000 08:01 258954                     /usr/lib/jvm/jdk-11.0.11/lib/libverify.so
7f0f41b1b000-7f0f41d1a000 ---p 0000d000 08:01 258954                     /usr/lib/jvm/jdk-11.0.11/lib/libverify.so
7f0f41d1a000-7f0f41d1c000 r--p 0000c000 08:01 258954                     /usr/lib/jvm/jdk-11.0.11/lib/libverify.so
7f0f41d1c000-7f0f41d1d000 rw-p 0000e000 08:01 258954                     /usr/lib/jvm/jdk-11.0.11/lib/libverify.so
7f0f41d1d000-7f0f41d24000 r-xp 00000000 08:01 52101                      /lib/x86_64-linux-gnu/librt-2.23.so
7f0f41d24000-7f0f41f23000 ---p 00007000 08:01 52101                      /lib/x86_64-linux-gnu/librt-2.23.so
7f0f41f23000-7f0f41f24000 r--p 00006000 08:01 52101                      /lib/x86_64-linux-gnu/librt-2.23.so
7f0f41f24000-7f0f41f25000 rw-p 00007000 08:01 52101                      /lib/x86_64-linux-gnu/librt-2.23.so
7f0f41f25000-7f0f4202d000 r-xp 00000000 08:01 52109                      /lib/x86_64-linux-gnu/libm-2.23.so
7f0f4202d000-7f0f4222c000 ---p 00108000 08:01 52109                      /lib/x86_64-linux-gnu/libm-2.23.so
7f0f4222c000-7f0f4222d000 r--p 00107000 08:01 52109                      /lib/x86_64-linux-gnu/libm-2.23.so
7f0f4222d000-7f0f4222e000 rw-p 00108000 08:01 52109                      /lib/x86_64-linux-gnu/libm-2.23.so
7f0f4222e000-7f0f433e4000 r-xp 00000000 08:01 258967                     /usr/lib/jvm/jdk-11.0.11/lib/server/libjvm.so
7f0f433e4000-7f0f435e4000 ---p 011b6000 08:01 258967                     /usr/lib/jvm/jdk-11.0.11/lib/server/libjvm.so
7f0f435e4000-7f0f436a3000 r--p 011b6000 08:01 258967                     /usr/lib/jvm/jdk-11.0.11/lib/server/libjvm.so
7f0f436a3000-7f0f436dd000 rw-p 01275000 08:01 258967                     /usr/lib/jvm/jdk-11.0.11/lib/server/libjvm.so
7f0f436dd000-7f0f43734000 rw-p 00000000 00:00 0 
7f0f43734000-7f0f438f4000 r-xp 00000000 08:01 52114                      /lib/x86_64-linux-gnu/libc-2.23.so
7f0f438f4000-7f0f43af4000 ---p 001c0000 08:01 52114                      /lib/x86_64-linux-gnu/libc-2.23.so
7f0f43af4000-7f0f43af8000 r--p 001c0000 08:01 52114                      /lib/x86_64-linux-gnu/libc-2.23.so
7f0f43af8000-7f0f43afa000 rw-p 001c4000 08:01 52114                      /lib/x86_64-linux-gnu/libc-2.23.so
7f0f43afa000-7f0f43afe000 rw-p 00000000 00:00 0 
7f0f43afe000-7f0f43b01000 r-xp 00000000 08:01 52097                      /lib/x86_64-linux-gnu/libdl-2.23.so
7f0f43b01000-7f0f43d00000 ---p 00003000 08:01 52097                      /lib/x86_64-linux-gnu/libdl-2.23.so
7f0f43d00000-7f0f43d01000 r--p 00002000 08:01 52097                      /lib/x86_64-linux-gnu/libdl-2.23.so
7f0f43d01000-7f0f43d02000 rw-p 00003000 08:01 52097                      /lib/x86_64-linux-gnu/libdl-2.23.so
7f0f43d02000-7f0f43d12000 r-xp 00000000 08:01 258916                     /usr/lib/jvm/jdk-11.0.11/lib/jli/libjli.so
7f0f43d12000-7f0f43f11000 ---p 00010000 08:01 258916                     /usr/lib/jvm/jdk-11.0.11/lib/jli/libjli.so
7f0f43f11000-7f0f43f12000 r--p 0000f000 08:01 258916                     /usr/lib/jvm/jdk-11.0.11/lib/jli/libjli.so
7f0f43f12000-7f0f43f13000 rw-p 00010000 08:01 258916                     /usr/lib/jvm/jdk-11.0.11/lib/jli/libjli.so
7f0f43f13000-7f0f43f2b000 r-xp 00000000 08:01 26404                      /lib/x86_64-linux-gnu/libpthread-2.23.so
7f0f43f2b000-7f0f4412a000 ---p 00018000 08:01 26404                      /lib/x86_64-linux-gnu/libpthread-2.23.so
7f0f4412a000-7f0f4412b000 r--p 00017000 08:01 26404                      /lib/x86_64-linux-gnu/libpthread-2.23.so
7f0f4412b000-7f0f4412c000 rw-p 00018000 08:01 26404                      /lib/x86_64-linux-gnu/libpthread-2.23.so
7f0f4412c000-7f0f44130000 rw-p 00000000 00:00 0 
7f0f44130000-7f0f44149000 r-xp 00000000 08:01 2062                       /lib/x86_64-linux-gnu/libz.so.1.2.8
7f0f44149000-7f0f44348000 ---p 00019000 08:01 2062                       /lib/x86_64-linux-gnu/libz.so.1.2.8
7f0f44348000-7f0f44349000 r--p 00018000 08:01 2062                       /lib/x86_64-linux-gnu/libz.so.1.2.8
7f0f44349000-7f0f4434a000 rw-p 00019000 08:01 2062                       /lib/x86_64-linux-gnu/libz.so.1.2.8
7f0f4434a000-7f0f44370000 r-xp 00000000 08:01 52103                      /lib/x86_64-linux-gnu/ld-2.23.so
7f0f4438a000-7f0f443cc000 rw-p 00000000 00:00 0 
7f0f443cc000-7f0f443d8000 ---p 00000000 00:00 0 
7f0f443d8000-7f0f443f7000 rw-p 00000000 00:00 0 
7f0f443f7000-7f0f443fe000 ---p 00000000 00:00 0 
7f0f443fe000-7f0f44440000 rw-p 00000000 00:00 0 
7f0f44440000-7f0f4444c000 ---p 00000000 00:00 0 
7f0f4444c000-7f0f44452000 rw-p 00000000 00:00 0 
7f0f44452000-7f0f44459000 ---p 00000000 00:00 0 
7f0f44459000-7f0f44461000 rw-s 00000000 08:01 516994                     /tmp/hsperfdata_thduc/7086
7f0f44461000-7f0f44465000 ---p 00000000 00:00 0 
7f0f44465000-7f0f44567000 rw-p 00000000 00:00 0 
7f0f4456d000-7f0f4456e000 ---p 00000000 00:00 0 
7f0f4456e000-7f0f4456f000 r--p 00000000 00:00 0 
7f0f4456f000-7f0f44570000 r--p 00025000 08:01 52103                      /lib/x86_64-linux-gnu/ld-2.23.so
7f0f44570000-7f0f44571000 rw-p 00026000 08:01 52103                      /lib/x86_64-linux-gnu/ld-2.23.so
7f0f44571000-7f0f44572000 rw-p 00000000 00:00 0 
7ffd6a724000-7ffd6a745000 rw-p 00000000 00:00 0                          [stack]
7ffd6a74b000-7ffd6a74e000 r--p 00000000 00:00 0                          [vvar]
7ffd6a74e000-7ffd6a750000 r-xp 00000000 00:00 0                          [vdso]
ffffffffff600000-ffffffffff601000 r-xp 00000000 00:00 0                  [vsyscall]


VM Arguments:
jvm_args: -Dclassworlds.conf=/usr/share/maven/bin/m2.conf -Dmaven.home=/usr/share/maven -Dmaven.multiModuleProjectDirectory=/home/thduc/eshop 
java_command: org.codehaus.plexus.classworlds.launcher.Launcher install -DskipTests
java_class_path (initial): /usr/share/maven/boot/plexus-classworlds-2.x.jar
Launcher Type: SUN_STANDARD

[Global flags]
     intx CICompilerCount                          = 2                                         {product} {ergonomic}
   size_t InitialHeapSize                          = 16777216                                  {product} {ergonomic}
   size_t MaxHeapSize                              = 243269632                                 {product} {ergonomic}
   size_t MaxNewSize                               = 81068032                                  {product} {ergonomic}
   size_t MinHeapDeltaBytes                        = 196608                                    {product} {ergonomic}
   size_t NewSize                                  = 5570560                                   {product} {ergonomic}
    uintx NonNMethodCodeHeapSize                   = 5825164                                {pd product} {ergonomic}
    uintx NonProfiledCodeHeapSize                  = 122916538                              {pd product} {ergonomic}
   size_t OldSize                                  = 11206656                                  {product} {ergonomic}
    uintx ProfiledCodeHeapSize                     = 122916538                              {pd product} {ergonomic}
    uintx ReservedCodeCacheSize                    = 251658240                              {pd product} {ergonomic}
     bool SegmentedCodeCache                       = true                                      {product} {ergonomic}
     bool UseCompressedClassPointers               = true                                 {lp64_product} {ergonomic}
     bool UseCompressedOops                        = true                                 {lp64_product} {ergonomic}
     bool UseSerialGC                              = true                                      {product} {ergonomic}

Logging:
Log output configuration:
 #0: stdout all=warning uptime,level,tags
 #1: stderr all=off uptime,level,tags

Environment Variables:
JAVA_HOME=/usr/lib/jvm/jdk-11.0.11
PATH=/home/thduc/bin:/home/thduc/.local/bin:/usr/lib/jvm/jdk-11.0.2//bin:/usr/local/sbin:/usr/local/bin:/usr/sbin:/usr/bin:/sbin:/bin:/usr/games:/usr/local/games:/snap/bin
SHELL=/bin/bash

Signal Handlers:
SIGSEGV: [libjvm.so+0xea2e10], sa_mask[0]=11111111011111111101111111111110, sa_flags=SA_RESTART|SA_SIGINFO
SIGBUS: [libjvm.so+0xea2e10], sa_mask[0]=11111111011111111101111111111110, sa_flags=SA_RESTART|SA_SIGINFO
SIGFPE: [libjvm.so+0xea2e10], sa_mask[0]=11111111011111111101111111111110, sa_flags=SA_RESTART|SA_SIGINFO
SIGPIPE: [libjvm.so+0xc720d0], sa_mask[0]=11111111011111111101111111111110, sa_flags=SA_RESTART|SA_SIGINFO
SIGXFSZ: [libjvm.so+0xc720d0], sa_mask[0]=11111111011111111101111111111110, sa_flags=SA_RESTART|SA_SIGINFO
SIGILL: [libjvm.so+0xea2e10], sa_mask[0]=11111111011111111101111111111110, sa_flags=SA_RESTART|SA_SIGINFO
SIGUSR2: [libjvm.so+0xc71f70], sa_mask[0]=00000000000000000000000000000000, sa_flags=SA_RESTART|SA_SIGINFO
SIGHUP: [libjvm.so+0xc722d0], sa_mask[0]=11111111011111111101111111111110, sa_flags=SA_RESTART|SA_SIGINFO
SIGINT: [libjvm.so+0xc722d0], sa_mask[0]=11111111011111111101111111111110, sa_flags=SA_RESTART|SA_SIGINFO
SIGTERM: [libjvm.so+0xc722d0], sa_mask[0]=11111111011111111101111111111110, sa_flags=SA_RESTART|SA_SIGINFO
SIGQUIT: [libjvm.so+0xc722d0], sa_mask[0]=11111111011111111101111111111110, sa_flags=SA_RESTART|SA_SIGINFO


---------------  S Y S T E M  ---------------

OS:DISTRIB_ID=Ubuntu
DISTRIB_RELEASE=16.04
DISTRIB_CODENAME=xenial
DISTRIB_DESCRIPTION="Ubuntu 16.04.7 LTS"
uname:Linux 4.15.0-1113-azure #126~16.04.1-Ubuntu SMP Tue Apr 13 16:55:24 UTC 2021 x86_64
libc:glibc 2.23 NPTL 2.23 
rlimit: STACK 8192k, CORE 0k, NPROC 3607, NOFILE 1048576, AS infinity, DATA infinity, FSIZE infinity
load average:1.21 0.31 0.11

/proc/meminfo:
MemTotal:         943856 kB
MemFree:           56768 kB
MemAvailable:       1084 kB
Buffers:             480 kB
Cached:            23676 kB
SwapCached:            0 kB
Active:           693980 kB
Inactive:          20512 kB
Active(anon):     693336 kB
Inactive(anon):    10864 kB
Active(file):        644 kB
Inactive(file):     9648 kB
Unevictable:        3652 kB
Mlocked:            3652 kB
SwapTotal:             0 kB
SwapFree:              0 kB
Dirty:                40 kB
Writeback:             0 kB
AnonPages:        694072 kB
Mapped:             9496 kB
Shmem:             11356 kB
Slab:              53748 kB
SReclaimable:      20552 kB
SUnreclaim:        33196 kB
KernelStack:        2864 kB
PageTables:         5380 kB
NFS_Unstable:          0 kB
Bounce:                0 kB
WritebackTmp:          0 kB
CommitLimit:      471928 kB
Committed_AS:    1246364 kB
VmallocTotal:   34359738367 kB
VmallocUsed:           0 kB
VmallocChunk:          0 kB
HardwareCorrupted:     0 kB
AnonHugePages:    315392 kB
ShmemHugePages:        0 kB
ShmemPmdMapped:        0 kB
CmaTotal:              0 kB
CmaFree:               0 kB
HugePages_Total:       0
HugePages_Free:        0
HugePages_Rsvd:        0
HugePages_Surp:        0
Hugepagesize:       2048 kB
DirectMap4k:       73664 kB
DirectMap2M:      974848 kB
DirectMap1G:           0 kB


/proc/sys/kernel/threads-max (system-wide limit on the number of threads):
7214


/proc/sys/vm/max_map_count (maximum number of memory map areas a process may have):
65530


/proc/sys/kernel/pid_max (system-wide limit on number of process identifiers):
32768



container (cgroup) information:
container_type: cgroupv1
cpu_cpuset_cpus: 0
cpu_memory_nodes: 0
active_processor_count: 1
cpu_quota: -1
cpu_period: 100000
cpu_shares: -1
memory_limit_in_bytes: -1
memory_and_swap_limit_in_bytes: -2
memory_soft_limit_in_bytes: -1
memory_usage_in_bytes: 452468736
memory_max_usage_in_bytes: 557346816

Hyper-V virtualization detected

CPU:total 1 (initial active 1) (1 cores per cpu, 1 threads per core) family 6 model 79 stepping 1 microcode 0xffffffff, cmov, cx8, fxsr, mmx, sse, sse2, sse3, ssse3, sse4.1, sse4.2, popcnt, avx, avx2, aes, clmul, erms, rtm, 3dnowpref, lzcnt, tsc, bmi1, bmi2, adx, fma
CPU Model and flags from /proc/cpuinfo:
model name	: Intel(R) Xeon(R) CPU E5-2673 v4 @ 2.30GHz
flags		: fpu vme de pse tsc msr pae mce cx8 apic sep mtrr pge mca cmov pat pse36 clflush mmx fxsr sse sse2 ss syscall nx pdpe1gb rdtscp lm constant_tsc rep_good nopl xtopology cpuid pni pclmulqdq ssse3 fma cx16 pcid sse4_1 sse4_2 movbe popcnt aes xsave avx f16c rdrand hypervisor lahf_lm abm 3dnowprefetch invpcid_single pti fsgsbase bmi1 hle avx2 smep bmi2 erms invpcid rtm rdseed adx smap xsaveopt md_clear

Memory: 4k page, physical 943856k(56644k free), swap 0k(0k free)

vm_info: Java HotSpot(TM) 64-Bit Server VM (11.0.11+9-LTS-194) for linux-amd64 JRE (11.0.11+9-LTS-194), built on Mar 18 2021 17:46:40 by "mach5one" with gcc 7.3.0

END.
